<?xml version="1.0" encoding="UTF-8"?><testsuite errors="0" failures="0" name="com.studentapp.studentinfo.StudentCRUDTestWithSteps" skipped="0" tests="4" time="14.25" timestamp="2022-01-10T16:55:02.319Z[Europe/London]"><testcase classname="com.studentapp.studentinfo.StudentCRUDTestWithSteps" name="This will create new student"/><testcase classname="com.studentapp.studentinfo.StudentCRUDTestWithSteps" name="Test002"/><testcase classname="com.studentapp.studentinfo.StudentCRUDTestWithSteps" name="Update the user information and verify the updated information"/><testcase classname="com.studentapp.studentinfo.StudentCRUDTestWithSteps" name="Delete the student and verify if the student is deleted!"/></testsuite>